app/build/outputs/logs/manifest-merger-debug-report.txt
-- Merging decision tree log ---
manifest
ADDED from AndroidManifest.xml:30:1
	xmlns:tools
		ADDED from AndroidManifest.xml:31:5
	xmlns:android
		ADDED from AndroidManifest.xml:30:11
	package
		ADDED from AndroidManifest.xml:33:5
		INJECTED from AndroidManifest.xml:0:0
		INJECTED from AndroidManifest.xml:0:0
	android:versionName
		ADDED from AndroidManifest.xml:35:5
	android:versionCode
		ADDED from AndroidManifest.xml:34:5
		INJECTED from AndroidManifest.xml:0:0
		INJECTED from AndroidManifest.xml:0:0
	android:installLocation
		ADDED from AndroidManifest.xml:36:5
uses-sdk
ADDED from AndroidManifest.xml:38:5
MERGED from com.android.support:support-v4:21.0.3:15:5
MERGED from com.android.support:appcompat-v7:21.0.3:15:5
MERGED from com.android.support:support-v4:21.0.3:15:5
MERGED from com.android.support:gridlayout-v7:21.0.3:15:5
MERGED from com.android.support:support-v4:21.0.3:15:5
	android:targetSdkVersion
		ADDED from AndroidManifest.xml:40:6
		INJECTED from AndroidManifest.xml:0:0
		INJECTED from AndroidManifest.xml:0:0
	android:minSdkVersion
		ADDED from AndroidManifest.xml:39:6
		INJECTED from AndroidManifest.xml:0:0
		INJECTED from AndroidManifest.xml:0:0
uses-permission#android.permission.ACCESS_WIFI_STATE
ADDED from AndroidManifest.xml:42:2
	android:name
		ADDED from AndroidManifest.xml:42:19
uses-permission#android.permission.CHANGE_WIFI_STATE
ADDED from AndroidManifest.xml:43:2
	android:name
		ADDED from AndroidManifest.xml:43:19
uses-permission#android.permission.ACCESS_NETWORK_STATE
ADDED from AndroidManifest.xml:44:2
	android:name
		ADDED from AndroidManifest.xml:44:19
uses-permission#android.permission.INTERNET
ADDED from AndroidManifest.xml:45:5
	android:name
		ADDED from AndroidManifest.xml:45:22
application
ADDED from AndroidManifest.xml:47:5
MERGED from com.android.support:support-v4:21.0.3:16:5
MERGED from com.android.support:appcompat-v7:21.0.3:16:5
MERGED from com.android.support:support-v4:21.0.3:16:5
MERGED from com.android.support:gridlayout-v7:21.0.3:16:5
MERGED from com.android.support:support-v4:21.0.3:16:5
	android:label
		ADDED from AndroidManifest.xml:49:6
	android:allowBackup
		ADDED from AndroidManifest.xml:48:9
	android:icon
		ADDED from AndroidManifest.xml:47:18
	android:theme
		ADDED from AndroidManifest.xml:50:6
activity#com.farproc.wifi.ui.WifiScanActivity
ADDED from AndroidManifest.xml:54:9
	android:name
		ADDED from AndroidManifest.xml:54:19
intent-filter#android.intent.action.MAIN+android.intent.category.LAUNCHER
ADDED from AndroidManifest.xml:55:13
action#android.intent.action.MAIN
ADDED from AndroidManifest.xml:56:17
	android:name
		ADDED from AndroidManifest.xml:56:25
category#android.intent.category.LAUNCHER
ADDED from AndroidManifest.xml:57:17
	android:name
		ADDED from AndroidManifest.xml:57:27
activity#com.farproc.wifi.ui.FloatingActivity
ADDED from AndroidManifest.xml:64:5
	android:noHistory
		ADDED from AndroidManifest.xml:68:6
	android:theme
		ADDED from AndroidManifest.xml:65:6
	android:excludeFromRecents
		ADDED from AndroidManifest.xml:67:6
	android:name
		ADDED from AndroidManifest.xml:64:15
	android:launchMode
		ADDED from AndroidManifest.xml:66:6
intent-filter#android.intent.category.INFO
ADDED from AndroidManifest.xml:70:6
category#android.intent.category.INFO
ADDED from AndroidManifest.xml:71:13
	android:name
		ADDED from AndroidManifest.xml:71:23
intent-filter#android.intent.category.DEFAULT+com.farproc.wifi.connecter.action.CONNECT_OR_EDIT
ADDED from AndroidManifest.xml:74:10
action#com.farproc.wifi.connecter.action.CONNECT_OR_EDIT
ADDED from AndroidManifest.xml:75:15
	android:name
		ADDED from AndroidManifest.xml:75:23
category#android.intent.category.DEFAULT
ADDED from AndroidManifest.xml:76:15
	android:name
		ADDED from AndroidManifest.xml:76:25
service#com.farproc.wifi.connecter.ReenableAllApsWhenNetworkStateChanged$BackgroundService
ADDED from AndroidManifest.xml:81:2
	android:name
		ADDED from AndroidManifest.xml:81:11